<?xml version="1.0" encoding="UTF-8"?>
<!-- Generated by org.testng.reporters.JUnitXMLReporter -->
<testsuite ignored="0" hostname="Adamant" failures="0" tests="3" name="Default test" time="0.111" errors="0" timestamp="2021-09-21T16:56:52 IST">
  <testcase classname="com.testyantra.maven.create.CreateContactTest" name="createContact" time="0.014"/>
  <testcase classname="com.testyantra.maven.create.CreateContactTest" name="createContactWithOpp" time="0.003"/>
  <testcase classname="com.testyantra.maven.create.CreateContactTest" name="createContactWithOrg" time="0.001"/>
</testsuite> <!-- Default test -->
