<?xml version="1.0" encoding="UTF-8"?>
<!-- Generated by org.testng.reporters.JUnitXMLReporter -->
<testsuite ignored="0" hostname="Adamant" failures="0" tests="6" name="Command line test" time="0.072" errors="0" timestamp="2021-09-22T13:55:27 IST">
  <testcase classname="com.testyantra.maven.createOrgTest.TC_01_createOrgTest" name="createOrg" time="0.006"/>
  <testcase classname="com.testyantra.maven.createOrgTest.TC_01_createOrgTest" name="createOrgWithInd" time="0.001"/>
  <testcase classname="com.testyantra.maven.createOrgTest.TC_01_createOrgTest" name="createOrgWithOpp" time="0.0"/>
  <testcase classname="com.testyantra.maven.createTest.CreateContactTest" name="createContact" time="0.001"/>
  <testcase classname="com.testyantra.maven.createTest.CreateContactTest" name="createContactWithOpp" time="0.0"/>
  <testcase classname="com.testyantra.maven.createTest.CreateContactTest" name="createContactWithOrg" time="0.0"/>
</testsuite> <!-- Command line test -->
