<?xml version="1.0" encoding="UTF-8"?>
<!-- Generated by org.testng.reporters.JUnitXMLReporter -->
<testsuite ignored="0" hostname="Adamant" failures="0" tests="6" name="Test" time="0.094" errors="0" timestamp="2021-09-22T14:15:19 IST">
  <testcase classname="com.testyantra.maven.createOrgTest.TC_01_createOrgTest" name="createOrg" time="0.007"/>
  <testcase classname="com.testyantra.maven.createOrgTest.TC_01_createOrgTest" name="createOrgWithInd" time="0.003"/>
  <testcase classname="com.testyantra.maven.createOrgTest.TC_01_createOrgTest" name="createOrgWithOpp" time="0.003"/>
  <testcase classname="com.testyantra.maven.createTest.CreateContactTest" name="createContact" time="0.001"/>
  <testcase classname="com.testyantra.maven.createTest.CreateContactTest" name="createContactWithOpp" time="0.001"/>
  <testcase classname="com.testyantra.maven.createTest.CreateContactTest" name="createContactWithOrg" time="0.0"/>
</testsuite> <!-- Test -->
