<?xml version="1.0" encoding="UTF-8"?>
<testsuite name="TestSuite" time="0.02" tests="6" errors="0" skipped="0" failures="0">
  <properties>
[...]
</properties>
  <testcase name="createOrg" classname="com.testyantra.maven.createOrgTest.TC_01_createOrgTest" time="0.011"/>
  <testcase name="createOrgWithInd" classname="com.testyantra.maven.createOrgTest.TC_01_createOrgTest" time="0.002"/>
  <testcase name="createOrgWithOpp" classname="com.testyantra.maven.createOrgTest.TC_01_createOrgTest" time="0.002"/>
  <testcase name="createContact" classname="com.testyantra.maven.createTest.CreateContactTest" time="0.002"/>
  <testcase name="createContactWithOpp" classname="com.testyantra.maven.createTest.CreateContactTest" time="0.001"/>
  <testcase name="createContactWithOrg" classname="com.testyantra.maven.createTest.CreateContactTest" time="0.002"/>
</testsuite>