<?xml version="1.0" encoding="UTF-8"?>
<testng-results ignored="0" total="3" passed="3" failed="0" skipped="0">
  <reporter-output>
  </reporter-output>
  <suite started-at="2021-09-21T16:56:52 IST" name="Default suite" finished-at="2021-09-21T16:56:52 IST" duration-ms="111">
    <groups>
    </groups>
    <test started-at="2021-09-21T16:56:52 IST" name="Default test" finished-at="2021-09-21T16:56:52 IST" duration-ms="111">
      <class name="com.testyantra.maven.create.CreateContactTest">
        <test-method signature="createContact()[pri:0, instance:com.testyantra.maven.create.CreateContactTest@54bff557]" started-at="2021-09-21T16:56:52 IST" name="createContact" finished-at="2021-09-21T16:56:52 IST" duration-ms="14" status="PASS">
          <reporter-output>
          </reporter-output>
        </test-method> <!-- createContact -->
        <test-method signature="createContactWithOpp()[pri:0, instance:com.testyantra.maven.create.CreateContactTest@54bff557]" started-at="2021-09-21T16:56:52 IST" name="createContactWithOpp" finished-at="2021-09-21T16:56:52 IST" duration-ms="3" status="PASS">
          <reporter-output>
          </reporter-output>
        </test-method> <!-- createContactWithOpp -->
        <test-method signature="createContactWithOrg()[pri:0, instance:com.testyantra.maven.create.CreateContactTest@54bff557]" started-at="2021-09-21T16:56:52 IST" name="createContactWithOrg" finished-at="2021-09-21T16:56:52 IST" duration-ms="1" status="PASS">
          <reporter-output>
          </reporter-output>
        </test-method> <!-- createContactWithOrg -->
      </class> <!-- com.testyantra.maven.create.CreateContactTest -->
    </test> <!-- Default test -->
  </suite> <!-- Default suite -->
</testng-results>
